<?xml version="1.0" encoding="UTF-8"?>
<!-- Generated by org.testng.reporters.JUnitReportReporter -->
<testsuite ignored="0" hostname="Javeed" failures="0" tests="3" name="com.testng.pageexecution.MeeshoHomeExe" time="9.149" errors="0" timestamp="16 Apr 2023 19:23:25 GMT" skipped="0">
  <testcase classname="com.testng.pageexecution.MeeshoHomeExe" name="clickAndSearchTheJeans" time="5.208"/>
  <testcase classname="com.testng.pageexecution.MeeshoHomeExe" name="clickAndSearchTheTshirt" time="1.863"/>
  <testcase classname="com.testng.pageexecution.MeeshoHomeExe" name="clickAndSearchTheKurti" time="2.078"/>
</testsuite> <!-- com.testng.pageexecution.MeeshoHomeExe -->
