<?xml version="1.0" encoding="UTF-8"?>
<!-- Generated by org.testng.reporters.JUnitReportReporter -->
<testsuite ignored="0" hostname="Javeed" failures="0" tests="3" name="com.testng.pageexecution.DropDownRelExe" time="38.137" errors="0" timestamp="16 Apr 2023 20:34:56 GMT" skipped="0">
  <testcase classname="com.testng.pageexecution.DropDownRelExe" name="clickAndSearchTheDslr" time="23.815"/>
  <testcase classname="com.testng.pageexecution.DropDownRelExe" name="clickAndSearchTheSonyTv" time="4.730"/>
  <testcase classname="com.testng.pageexecution.DropDownRelExe" name="clickAndSearchTheIphone" time="9.592"/>
</testsuite> <!-- com.testng.pageexecution.DropDownRelExe -->
